1609275031272: ==================================================
1609275031272:last_moves([])-new_state([control(xplayer),cell(1,1,b),cell(1,2,b),cell(1,3,b),cell(2,1,b),cell(2,2,b),cell(2,3,b),cell(3,1,b),cell(3,2,b),cell(3,3,b)])
1609275031272:compute_best_move finished.
1609275031287:best_move(noop)
1609275031305: ==================================================
1609275031305:last_moves([mark(1,1),noop])-new_state([control(oplayer),cell(1,1,x),cell(1,2,b),cell(1,3,b),cell(2,1,b),cell(2,2,b),cell(2,3,b),cell(3,1,b),cell(3,2,b),cell(3,3,b)])
1609275031305:compute_best_move finished.
1609275031305:best_move(mark(1,2))
1609275031325: ==================================================
1609275031326:last_moves([noop,mark(1,2)])-new_state([control(xplayer),cell(1,1,x),cell(1,2,o),cell(1,3,b),cell(2,1,b),cell(2,2,b),cell(2,3,b),cell(3,1,b),cell(3,2,b),cell(3,3,b)])
1609275031326:compute_best_move finished.
1609275031326:best_move(noop)
1609275031346: ==================================================
1609275031346:last_moves([mark(2,1),noop])-new_state([control(oplayer),cell(1,1,x),cell(1,2,o),cell(1,3,b),cell(2,1,x),cell(2,2,b),cell(2,3,b),cell(3,1,b),cell(3,2,b),cell(3,3,b)])
1609275031346:compute_best_move finished.
1609275031346:best_move(mark(1,3))
1609275031365: ==================================================
1609275031365:last_moves([noop,mark(1,3)])-new_state([control(xplayer),cell(1,1,x),cell(1,2,o),cell(1,3,o),cell(2,1,x),cell(2,2,b),cell(2,3,b),cell(3,1,b),cell(3,2,b),cell(3,3,b)])
1609275031365:compute_best_move finished.
1609275031365:best_move(noop)
1609275031380: ==================================================
1609275031380:last_moves([mark(2,3),noop])-new_state([control(oplayer),cell(1,1,x),cell(1,2,o),cell(1,3,o),cell(2,1,x),cell(2,2,b),cell(2,3,x),cell(3,1,b),cell(3,2,b),cell(3,3,b)])
1609275031380:compute_best_move finished.
1609275031380:best_move(mark(2,2))
1609275031393: ==================================================
1609275031393:last_moves([noop,mark(2,2)])-new_state([control(xplayer),cell(1,1,x),cell(1,2,o),cell(1,3,o),cell(2,1,x),cell(2,2,o),cell(2,3,x),cell(3,1,b),cell(3,2,b),cell(3,3,b)])
1609275031393:compute_best_move finished.
1609275031393:best_move(noop)
1609275031408: ==================================================
1609275031408:last_moves([mark(3,2),noop])-new_state([control(oplayer),cell(1,1,x),cell(1,2,o),cell(1,3,o),cell(2,1,x),cell(2,2,o),cell(2,3,x),cell(3,1,b),cell(3,2,x),cell(3,3,b)])
1609275031408:compute_best_move finished.
1609275031408:best_move(mark(3,1))
1609275031435: ==================================================
1609275031435:last_moves([noop,mark(3,1)])-new_state([control(xplayer),cell(1,1,x),cell(1,2,o),cell(1,3,o),cell(2,1,x),cell(2,2,o),cell(2,3,x),cell(3,1,o),cell(3,2,x),cell(3,3,b)])
1609275031435 : final value: [0, 100], our value: 100
