1608923346687 : our role: oplayer, initial state: [control(xplayer), cell(1, 1, b), cell(1, 2, b), cell(1, 3, b), cell(2, 1, b), cell(2, 2, b), cell(2, 3, b), cell(3, 1, b), cell(3, 2, b), cell(3, 3, b)]
1608923346687:game_start_timed_part finished.
1608923346748: ==================================================
1608923346748:last_moves([])-new_state([control(xplayer),cell(1,1,b),cell(1,2,b),cell(1,3,b),cell(2,1,b),cell(2,2,b),cell(2,3,b),cell(3,1,b),cell(3,2,b),cell(3,3,b)])
1608923346748:compute_best_move finished.
1608923346749:best_move(noop)
1608923346779: ==================================================
1608923346779:last_moves([mark(2,3),noop])-new_state([control(oplayer),cell(1,1,b),cell(1,2,b),cell(1,3,b),cell(2,1,b),cell(2,2,b),cell(2,3,x),cell(3,1,b),cell(3,2,b),cell(3,3,b)])
1608923346783:compute_best_move finished.
1608923346784:best_move(mark(1,1))
1608923346813: ==================================================
1608923346813:last_moves([noop,mark(1,1)])-new_state([control(xplayer),cell(1,1,o),cell(1,2,b),cell(1,3,b),cell(2,1,b),cell(2,2,b),cell(2,3,x),cell(3,1,b),cell(3,2,b),cell(3,3,b)])
1608923346813:compute_best_move finished.
1608923346814:best_move(noop)
1608923346838: ==================================================
1608923346838:last_moves([mark(3,3),noop])-new_state([control(oplayer),cell(1,1,o),cell(1,2,b),cell(1,3,b),cell(2,1,b),cell(2,2,b),cell(2,3,x),cell(3,1,b),cell(3,2,b),cell(3,3,x)])
1608923346838:compute_best_move finished.
1608923346838:best_move(mark(1,2))
1608923346869: ==================================================
1608923346869:last_moves([noop,mark(1,2)])-new_state([control(xplayer),cell(1,1,o),cell(1,2,o),cell(1,3,b),cell(2,1,b),cell(2,2,b),cell(2,3,x),cell(3,1,b),cell(3,2,b),cell(3,3,x)])
1608923346869:compute_best_move finished.
1608923346872:best_move(noop)
1608923346907: ==================================================
1608923346908:last_moves([mark(2,2),noop])-new_state([control(oplayer),cell(1,1,o),cell(1,2,o),cell(1,3,b),cell(2,1,b),cell(2,2,x),cell(2,3,x),cell(3,1,b),cell(3,2,b),cell(3,3,x)])
1608923346908:compute_best_move finished.
1608923346908:best_move(mark(1,3))
1608923346948: ==================================================
1608923346948:last_moves([noop,mark(1,3)])-new_state([control(xplayer),cell(1,1,o),cell(1,2,o),cell(1,3,o),cell(2,1,b),cell(2,2,x),cell(2,3,x),cell(3,1,b),cell(3,2,b),cell(3,3,x)])
1608923346948 : final value: [0, 100], our value: 100
