1609272222000: ==================================================
1609272222000:last_moves([])-new_state([control(xplayer),cell(1,1,b),cell(1,2,b),cell(1,3,b),cell(2,1,b),cell(2,2,b),cell(2,3,b),cell(3,1,b),cell(3,2,b),cell(3,3,b)])
1609272222000:compute_best_move finished.
1609272222000:best_move(noop)
1609272222024: ==================================================
1609272222024:last_moves([mark(2,3),noop])-new_state([control(oplayer),cell(1,1,b),cell(1,2,b),cell(1,3,b),cell(2,1,b),cell(2,2,b),cell(2,3,x),cell(3,1,b),cell(3,2,b),cell(3,3,b)])
1609272222025:compute_best_move finished.
1609272222025:best_move(mark(1,1))
1609272222052: ==================================================
1609272222052:last_moves([noop,mark(1,1)])-new_state([control(xplayer),cell(1,1,o),cell(1,2,b),cell(1,3,b),cell(2,1,b),cell(2,2,b),cell(2,3,x),cell(3,1,b),cell(3,2,b),cell(3,3,b)])
1609272222052:compute_best_move finished.
1609272222052:best_move(noop)
1609272222068: ==================================================
1609272222068:last_moves([mark(2,1),noop])-new_state([control(oplayer),cell(1,1,o),cell(1,2,b),cell(1,3,b),cell(2,1,x),cell(2,2,b),cell(2,3,x),cell(3,1,b),cell(3,2,b),cell(3,3,b)])
1609272222068:compute_best_move finished.
1609272222068:best_move(mark(1,2))
1609272222089: ==================================================
1609272222089:last_moves([noop,mark(1,2)])-new_state([control(xplayer),cell(1,1,o),cell(1,2,o),cell(1,3,b),cell(2,1,x),cell(2,2,b),cell(2,3,x),cell(3,1,b),cell(3,2,b),cell(3,3,b)])
1609272222089:compute_best_move finished.
1609272222089:best_move(noop)
1609272222104: ==================================================
1609272222104:last_moves([mark(3,3),noop])-new_state([control(oplayer),cell(1,1,o),cell(1,2,o),cell(1,3,b),cell(2,1,x),cell(2,2,b),cell(2,3,x),cell(3,1,b),cell(3,2,b),cell(3,3,x)])
1609272222104:compute_best_move finished.
1609272222104:best_move(mark(1,3))
1609272222137: ==================================================
1609272222137:last_moves([noop,mark(1,3)])-new_state([control(xplayer),cell(1,1,o),cell(1,2,o),cell(1,3,o),cell(2,1,x),cell(2,2,b),cell(2,3,x),cell(3,1,b),cell(3,2,b),cell(3,3,x)])
1609272222137 : final value: [0, 100], our value: 100
