1608558192707 : our role: oplayer, initial state: [control(xplayer), cell(1, 1, b), cell(1, 2, b), cell(1, 3, b), cell(2, 1, b), cell(2, 2, b), cell(2, 3, b), cell(3, 1, b), cell(3, 2, b), cell(3, 3, b)]
1608558192707:game_start_timed_part finished.
1608558193416: ==================================================
1608558193416:last_moves([])-new_state([control(xplayer),cell(1,1,b),cell(1,2,b),cell(1,3,b),cell(2,1,b),cell(2,2,b),cell(2,3,b),cell(3,1,b),cell(3,2,b),cell(3,3,b)])
1608558193416:compute_best_move finished.
1608558193416:best_move(noop)
1608558194164: ==================================================
1608558194164:last_moves([mark(1,2),noop])-new_state([control(oplayer),cell(1,1,b),cell(1,2,x),cell(1,3,b),cell(2,1,b),cell(2,2,b),cell(2,3,b),cell(3,1,b),cell(3,2,b),cell(3,3,b)])
1608558194164:compute_best_move finished.
1608558194164:best_move(mark(1,1))
1608558194825: ==================================================
1608558194825:last_moves([noop,mark(1,1)])-new_state([control(xplayer),cell(1,1,o),cell(1,2,x),cell(1,3,b),cell(2,1,b),cell(2,2,b),cell(2,3,b),cell(3,1,b),cell(3,2,b),cell(3,3,b)])
1608558194825:compute_best_move finished.
1608558194825:best_move(noop)
1608558195433: ==================================================
1608558195433:last_moves([mark(3,2),noop])-new_state([control(oplayer),cell(1,1,o),cell(1,2,x),cell(1,3,b),cell(2,1,b),cell(2,2,b),cell(2,3,b),cell(3,1,b),cell(3,2,x),cell(3,3,b)])
1608558195433:compute_best_move finished.
1608558195433:best_move(mark(1,3))
1608558196019: ==================================================
1608558196019:last_moves([noop,mark(1,3)])-new_state([control(xplayer),cell(1,1,o),cell(1,2,x),cell(1,3,o),cell(2,1,b),cell(2,2,b),cell(2,3,b),cell(3,1,b),cell(3,2,x),cell(3,3,b)])
1608558196019:compute_best_move finished.
1608558196019:best_move(noop)
1608558196764: ==================================================
1608558196764:last_moves([mark(2,1),noop])-new_state([control(oplayer),cell(1,1,o),cell(1,2,x),cell(1,3,o),cell(2,1,x),cell(2,2,b),cell(2,3,b),cell(3,1,b),cell(3,2,x),cell(3,3,b)])
1608558196764:compute_best_move finished.
1608558196764:best_move(mark(2,2))
1608558197536: ==================================================
1608558197536:last_moves([noop,mark(2,2)])-new_state([control(xplayer),cell(1,1,o),cell(1,2,x),cell(1,3,o),cell(2,1,x),cell(2,2,o),cell(2,3,b),cell(3,1,b),cell(3,2,x),cell(3,3,b)])
1608558197537:compute_best_move finished.
1608558197537:best_move(noop)
1608558198146: ==================================================
1608558198146:last_moves([mark(2,3),noop])-new_state([control(oplayer),cell(1,1,o),cell(1,2,x),cell(1,3,o),cell(2,1,x),cell(2,2,o),cell(2,3,x),cell(3,1,b),cell(3,2,x),cell(3,3,b)])
1608558198146:compute_best_move finished.
1608558198146:best_move(mark(3,1))
1608558198331: ==================================================
1608558198331:last_moves([noop,mark(3,1)])-new_state([control(xplayer),cell(1,1,o),cell(1,2,x),cell(1,3,o),cell(2,1,x),cell(2,2,o),cell(2,3,x),cell(3,1,o),cell(3,2,x),cell(3,3,b)])
1608558198331 : final value: [0, 100], our value: 100
