1608554634735 : our role: oplayer, initial state: [control(xplayer), cell(1, 1, b), cell(1, 2, b), cell(1, 3, b), cell(2, 1, b), cell(2, 2, b), cell(2, 3, b), cell(3, 1, b), cell(3, 2, b), cell(3, 3, b)]
1608554634735:game_start_timed_part finished.
1608554635417: ==================================================
1608554635417:last_moves([])-new_state([control(xplayer),cell(1,1,b),cell(1,2,b),cell(1,3,b),cell(2,1,b),cell(2,2,b),cell(2,3,b),cell(3,1,b),cell(3,2,b),cell(3,3,b)])
1608554635417:compute_best_move finished.
1608554635417:best_move(noop)
1608554636056: ==================================================
1608554636056:last_moves([mark(2,1),noop])-new_state([control(oplayer),cell(1,1,b),cell(1,2,b),cell(1,3,b),cell(2,1,x),cell(2,2,b),cell(2,3,b),cell(3,1,b),cell(3,2,b),cell(3,3,b)])
1608554636135:compute_best_move finished.
1608554636137:best_move(mark(1,1))
1608554636664: ==================================================
1608554636664:last_moves([noop,mark(1,1)])-new_state([control(xplayer),cell(1,1,o),cell(1,2,b),cell(1,3,b),cell(2,1,x),cell(2,2,b),cell(2,3,b),cell(3,1,b),cell(3,2,b),cell(3,3,b)])
1608554636664:compute_best_move finished.
1608554636665:best_move(noop)
1608554637245: ==================================================
1608554637245:last_moves([mark(3,3),noop])-new_state([control(oplayer),cell(1,1,o),cell(1,2,b),cell(1,3,b),cell(2,1,x),cell(2,2,b),cell(2,3,b),cell(3,1,b),cell(3,2,b),cell(3,3,x)])
1608554637245:compute_best_move finished.
1608554637245:best_move(mark(1,2))
1608554637796: ==================================================
1608554637796:last_moves([noop,mark(1,2)])-new_state([control(xplayer),cell(1,1,o),cell(1,2,o),cell(1,3,b),cell(2,1,x),cell(2,2,b),cell(2,3,b),cell(3,1,b),cell(3,2,b),cell(3,3,x)])
1608554637796:compute_best_move finished.
1608554637796:best_move(noop)
1608554638394: ==================================================
1608554638394:last_moves([mark(2,3),noop])-new_state([control(oplayer),cell(1,1,o),cell(1,2,o),cell(1,3,b),cell(2,1,x),cell(2,2,b),cell(2,3,x),cell(3,1,b),cell(3,2,b),cell(3,3,x)])
1608554638394:compute_best_move finished.
1608554638394:best_move(mark(1,3))
1608554639011: ==================================================
1608554639011:last_moves([noop,mark(1,3)])-new_state([control(xplayer),cell(1,1,o),cell(1,2,o),cell(1,3,o),cell(2,1,x),cell(2,2,b),cell(2,3,x),cell(3,1,b),cell(3,2,b),cell(3,3,x)])
1608554639011 : final value: [0, 100], our value: 100
