1609096136466 : possible error: we got a different move than we submitted (noop\=[])
1609096136466: ==================================================
1609096136466:last_moves([mark(3,1),noop])-new_state([])
1609096136467 : error: game_play(base.tictactoe.1609096094871, [mark(3, 1), noop], 19625.0782330036, _2651) failed!
1609096136495 : possible error: we got a different move than we submitted (mark(2, 1)\=[])
1609096136495: ==================================================
1609096136495:last_moves([noop,mark(2,1)])-new_state([])
1609096136496 : error: game_play(base.tictactoe.1609096094871, [noop, mark(2, 1)], 19625.1092329025, _3975) failed!
1609096136515 : possible error: we got a different move than we submitted (noop\=[])
1609096136524: ==================================================
1609096136524:last_moves([mark(2,3),noop])-new_state([])
1609096136524 : error: game_play(base.tictactoe.1609096094871, [mark(2, 3), noop], 19625.1302330494, _5298) failed!
1609096136545 : possible error: we got a different move than we submitted (mark(3, 3)\=[])
1609096136546: ==================================================
1609096136546:last_moves([noop,mark(3,3)])-new_state([])
1609096136546 : error: game_play(base.tictactoe.1609096094871, [noop, mark(3, 3)], 19625.1602330208, _6621) failed!
1609096136582 : possible error: we got a different move than we submitted (noop\=[])
1609096136582: ==================================================
1609096136582:last_moves([mark(1,3),noop])-new_state([])
1609096136582 : final value: [50, 50], our value: 50
