1609007119248: ==================================================
1609007119249:last_moves([])-new_state([])
1609007119249 : error: game_play(base.tictactoe.1609007092354, [], 28843.5137519836, _2144) failed!
1609007119271 : possible error: we got a different move than we submitted (noop\=[])
1609007119271: ==================================================
1609007119271:last_moves([mark(3,1),noop])-new_state([])
1609007119271 : error: game_play(base.tictactoe.1609007092354, [mark(3, 1), noop], 28843.5387518406, _3246) failed!
1609007119288 : possible error: we got a different move than we submitted (mark(1, 3)\=[])
1609007119288: ==================================================
1609007119298:last_moves([noop,mark(1,3)])-new_state([])
1609007119298 : error: game_play(base.tictactoe.1609007092354, [noop, mark(1, 3)], 28843.5567519665, _4569) failed!
1609007119316 : possible error: we got a different move than we submitted (noop\=[])
1609007119316: ==================================================
1609007119316:last_moves([mark(1,1),noop])-new_state([])
1609007119316 : error: game_play(base.tictactoe.1609007092354, [mark(1, 1), noop], 28843.5827519894, _5892) failed!
1609007119339 : possible error: we got a different move than we submitted (mark(3, 3)\=[])
1609007119339: ==================================================
1609007119339:last_moves([noop,mark(3,3)])-new_state([])
1609007119340 : error: game_play(base.tictactoe.1609007092354, [noop, mark(3, 3)], 28843.6077518463, _7215) failed!
1609007119352 : possible error: we got a different move than we submitted (noop\=[])
1609007119352: ==================================================
1609007119352:last_moves([mark(1,2),noop])-new_state([])
1609007119352 : error: game_play(base.tictactoe.1609007092354, [mark(1, 2), noop], 28843.6197519302, _8538) failed!
1609007119383 : possible error: we got a different move than we submitted (mark(2, 2)\=[])
1609007119383: ==================================================
1609007119383:last_moves([noop,mark(2,2)])-new_state([])
1609007119383 : error: game_play(base.tictactoe.1609007092354, [noop, mark(2, 2)], 28843.6477520466, _9861) failed!
1609007119413 : possible error: we got a different move than we submitted (noop\=[])
1609007119413: ==================================================
1609007119413:last_moves([mark(2,3),noop])-new_state([])
1609007119414 : error: game_play(base.tictactoe.1609007092354, [mark(2, 3), noop], 28843.679751873, _11184) failed!
1609007119436 : possible error: we got a different move than we submitted (mark(3, 2)\=[])
1609007119436: ==================================================
1609007119436:last_moves([noop,mark(3,2)])-new_state([])
1609007119436 : error: game_play(base.tictactoe.1609007092354, [noop, mark(3, 2)], 28843.7027518749, _12507) failed!
1609007119489 : possible error: we got a different move than we submitted (noop\=[])
1609007119489: ==================================================
1609007119489:last_moves([mark(2,1),noop])-new_state([])
1609007119489 : final value: [50, 50], our value: 50
