1608744397103: ==================================================
1608744397104:last_moves([])-new_state([control(xplayer),cell(1,1,o),cell(1,2,x),cell(1,3,o),cell(2,1,x),cell(2,2,o),cell(2,3,x),cell(3,1,o),cell(3,2,b),cell(3,3,x)])
1608744397104 : error: game_play(base.tictactoe.1608744397643, [], 808.959931612015, _1342) failed!
1608744397142 : possible error: we got a different move than we submitted (actualization\=[])
1608744397142: ==================================================
1608744397142:last_moves([inseparable(1,1),actualization])-new_state([])
1608744397143 : error: game_play(base.tictactoe.1608744397643, [inseparable(1, 1), actualization], 809.002931594849, _2445) failed!
1608744397171 : possible error: we got a different move than we submitted (inseparable(2, 3)\=[])
1608744397171: ==================================================
1608744397171:last_moves([actualization,inseparable(2,3)])-new_state([])
1608744397171 : error: game_play(base.tictactoe.1608744397643, [actualization, inseparable(2, 3)], 809.029931545258, _3962) failed!
1608744397201 : possible error: we got a different move than we submitted (actualization\=[])
1608744397201: ==================================================
1608744397201:last_moves([inseparable(3,3),actualization])-new_state([])
1608744397204 : error: game_play(base.tictactoe.1608744397643, [inseparable(3, 3), actualization], 809.060931682587, _5479) failed!
1608744397254 : possible error: we got a different move than we submitted (inseparable(1, 3)\=[])
1608744397254: ==================================================
1608744397254:last_moves([actualization,inseparable(1,3)])-new_state([])
1608744397254 : error: game_play(base.tictactoe.1608744397643, [actualization, inseparable(1, 3)], 809.114931583405, _6996) failed!
1608744397296 : possible error: we got a different move than we submitted (actualization\=[])
1608744397296: ==================================================
1608744397296:last_moves([inseparable(2,2),actualization])-new_state([])
1608744397296 : final value: [50, 50], our value: 50
