1609097748226 : our role: oplayer, initial state: [control(xplayer), cell(1, 1, b), cell(1, 2, b), cell(1, 3, b), cell(2, 1, b), cell(2, 2, b), cell(2, 3, b), cell(3, 1, b), cell(3, 2, b), cell(3, 3, b)]
1609097748226:game_start_timed_part finished.
1609097748274: ==================================================
1609097748274:last_moves([])-new_state([control(xplayer),cell(1,1,b),cell(1,2,b),cell(1,3,b),cell(2,1,b),cell(2,2,b),cell(2,3,b),cell(3,1,b),cell(3,2,b),cell(3,3,b)])
1609097748274:compute_best_move finished.
1609097748274:best_move(noop)
1609097748299: ==================================================
1609097748299:last_moves([mark(1,2),noop])-new_state([control(oplayer),cell(1,1,b),cell(1,2,x),cell(1,3,b),cell(2,1,b),cell(2,2,b),cell(2,3,b),cell(3,1,b),cell(3,2,b),cell(3,3,b)])
1609097748299:compute_best_move finished.
1609097748299:best_move(mark(1,1))
1609097748323: ==================================================
1609097748323:last_moves([noop,mark(1,1)])-new_state([control(xplayer),cell(1,1,o),cell(1,2,x),cell(1,3,b),cell(2,1,b),cell(2,2,b),cell(2,3,b),cell(3,1,b),cell(3,2,b),cell(3,3,b)])
1609097748323:compute_best_move finished.
1609097748323:best_move(noop)
1609097748346: ==================================================
1609097748346:last_moves([mark(1,3),noop])-new_state([control(oplayer),cell(1,1,o),cell(1,2,x),cell(1,3,x),cell(2,1,b),cell(2,2,b),cell(2,3,b),cell(3,1,b),cell(3,2,b),cell(3,3,b)])
1609097748346:compute_best_move finished.
1609097748346:best_move(mark(2,1))
1609097748366: ==================================================
1609097748366:last_moves([noop,mark(2,1)])-new_state([control(xplayer),cell(1,1,o),cell(1,2,x),cell(1,3,x),cell(2,1,o),cell(2,2,b),cell(2,3,b),cell(3,1,b),cell(3,2,b),cell(3,3,b)])
1609097748366:compute_best_move finished.
1609097748366:best_move(noop)
1609097748385: ==================================================
1609097748385:last_moves([mark(2,2),noop])-new_state([control(oplayer),cell(1,1,o),cell(1,2,x),cell(1,3,x),cell(2,1,o),cell(2,2,x),cell(2,3,b),cell(3,1,b),cell(3,2,b),cell(3,3,b)])
1609097748385:compute_best_move finished.
1609097748385:best_move(mark(2,3))
1609097748403: ==================================================
1609097748403:last_moves([noop,mark(2,3)])-new_state([control(xplayer),cell(1,1,o),cell(1,2,x),cell(1,3,x),cell(2,1,o),cell(2,2,x),cell(2,3,o),cell(3,1,b),cell(3,2,b),cell(3,3,b)])
1609097748404:compute_best_move finished.
1609097748404:best_move(noop)
1609097748428: ==================================================
1609097748428:last_moves([mark(3,1),noop])-new_state([control(oplayer),cell(1,1,o),cell(1,2,x),cell(1,3,x),cell(2,1,o),cell(2,2,x),cell(2,3,o),cell(3,1,x),cell(3,2,b),cell(3,3,b)])
1609097748428 : final value: [100, 0], our value: 0
