1608555610623 : our role: consumables, initial state: [countrified(adrenalin), synagogues(1, 1, eliminations), synagogues(1, 2, eliminations), synagogues(1, 3, eliminations), synagogues(2, 1, eliminations), synagogues(2, 2, eliminations), synagogues(2, 3, eliminations), synagogues(3, 1, eliminations), synagogues(3, 2, eliminations), synagogues(3, 3, eliminations)]
1608555610623:game_start_timed_part finished.
1608555611276: ==================================================
1608555611276:last_moves([])-new_state([countrified(adrenalin),synagogues(1,1,eliminations),synagogues(1,2,eliminations),synagogues(1,3,eliminations),synagogues(2,1,eliminations),synagogues(2,2,eliminations),synagogues(2,3,eliminations),synagogues(3,1,eliminations),synagogues(3,2,eliminations),synagogues(3,3,eliminations)])
1608555611276:compute_best_move finished.
1608555611277:best_move(pinpricks)
1608555611899: ==================================================
1608555611900:last_moves([litigation(3,3),pinpricks])-new_state([countrified(consumables),synagogues(1,1,eliminations),synagogues(1,2,eliminations),synagogues(1,3,eliminations),synagogues(2,1,eliminations),synagogues(2,2,eliminations),synagogues(2,3,eliminations),synagogues(3,1,eliminations),synagogues(3,2,eliminations),synagogues(3,3,hypervisor)])
1608555611900:compute_best_move finished.
1608555611900:best_move(litigation(1,1))
1608555612484: ==================================================
1608555612484:last_moves([pinpricks,litigation(1,1)])-new_state([countrified(adrenalin),synagogues(1,1,antiracism),synagogues(1,2,eliminations),synagogues(1,3,eliminations),synagogues(2,1,eliminations),synagogues(2,2,eliminations),synagogues(2,3,eliminations),synagogues(3,1,eliminations),synagogues(3,2,eliminations),synagogues(3,3,hypervisor)])
1608555612484:compute_best_move finished.
1608555612484:best_move(pinpricks)
1608555613102: ==================================================
1608555613102:last_moves([litigation(1,3),pinpricks])-new_state([countrified(consumables),synagogues(1,1,antiracism),synagogues(1,2,eliminations),synagogues(1,3,hypervisor),synagogues(2,1,eliminations),synagogues(2,2,eliminations),synagogues(2,3,eliminations),synagogues(3,1,eliminations),synagogues(3,2,eliminations),synagogues(3,3,hypervisor)])
1608555613102:compute_best_move finished.
1608555613102:best_move(litigation(1,2))
1608555613731: ==================================================
1608555613731:last_moves([pinpricks,litigation(1,2)])-new_state([countrified(adrenalin),synagogues(1,1,antiracism),synagogues(1,2,antiracism),synagogues(1,3,hypervisor),synagogues(2,1,eliminations),synagogues(2,2,eliminations),synagogues(2,3,eliminations),synagogues(3,1,eliminations),synagogues(3,2,eliminations),synagogues(3,3,hypervisor)])
1608555613731:compute_best_move finished.
1608555613731:best_move(pinpricks)
1608555614394: ==================================================
1608555614394:last_moves([litigation(3,2),pinpricks])-new_state([countrified(consumables),synagogues(1,1,antiracism),synagogues(1,2,antiracism),synagogues(1,3,hypervisor),synagogues(2,1,eliminations),synagogues(2,2,eliminations),synagogues(2,3,eliminations),synagogues(3,1,eliminations),synagogues(3,2,hypervisor),synagogues(3,3,hypervisor)])
1608555614394:compute_best_move finished.
1608555614394:best_move(litigation(2,1))
1608555615024: ==================================================
1608555615024:last_moves([pinpricks,litigation(2,1)])-new_state([countrified(adrenalin),synagogues(1,1,antiracism),synagogues(1,2,antiracism),synagogues(1,3,hypervisor),synagogues(2,1,antiracism),synagogues(2,2,eliminations),synagogues(2,3,eliminations),synagogues(3,1,eliminations),synagogues(3,2,hypervisor),synagogues(3,3,hypervisor)])
1608555615024:compute_best_move finished.
1608555615024:best_move(pinpricks)
1608555615362: ==================================================
1608555615362:last_moves([litigation(2,2),pinpricks])-new_state([countrified(consumables),synagogues(1,1,antiracism),synagogues(1,2,antiracism),synagogues(1,3,hypervisor),synagogues(2,1,antiracism),synagogues(2,2,hypervisor),synagogues(2,3,eliminations),synagogues(3,1,eliminations),synagogues(3,2,hypervisor),synagogues(3,3,hypervisor)])
1608555615362:compute_best_move finished.
1608555615362:best_move(litigation(2,3))
1608555617386: ==================================================
1608555617386:last_moves([pinpricks,litigation(2,3)])-new_state([countrified(adrenalin),synagogues(1,1,antiracism),synagogues(1,2,antiracism),synagogues(1,3,hypervisor),synagogues(2,1,antiracism),synagogues(2,2,hypervisor),synagogues(2,3,antiracism),synagogues(3,1,eliminations),synagogues(3,2,hypervisor),synagogues(3,3,hypervisor)])
1608555617386:compute_best_move finished.
1608555617386:best_move(pinpricks)
