1608554722667 : our role: oplayer, initial state: [control(xplayer), cell(1, 1, b), cell(1, 2, b), cell(1, 3, b), cell(2, 1, b), cell(2, 2, b), cell(2, 3, b), cell(3, 1, b), cell(3, 2, b), cell(3, 3, b)]
1608554722668:game_start_timed_part finished.
1608554723343: ==================================================
1608554723343:last_moves([])-new_state([control(xplayer),cell(1,1,b),cell(1,2,b),cell(1,3,b),cell(2,1,b),cell(2,2,b),cell(2,3,b),cell(3,1,b),cell(3,2,b),cell(3,3,b)])
1608554723343:compute_best_move finished.
1608554723343:best_move(noop)
1608554724025: ==================================================
1608554724025:last_moves([mark(1,3),noop])-new_state([control(oplayer),cell(1,1,b),cell(1,2,b),cell(1,3,x),cell(2,1,b),cell(2,2,b),cell(2,3,b),cell(3,1,b),cell(3,2,b),cell(3,3,b)])
1608554724025:compute_best_move finished.
1608554724025:best_move(mark(1,1))
1608554724676: ==================================================
1608554724676:last_moves([noop,mark(1,1)])-new_state([control(xplayer),cell(1,1,o),cell(1,2,b),cell(1,3,x),cell(2,1,b),cell(2,2,b),cell(2,3,b),cell(3,1,b),cell(3,2,b),cell(3,3,b)])
1608554724676:compute_best_move finished.
1608554724676:best_move(noop)
1608554725296: ==================================================
1608554725296:last_moves([mark(2,1),noop])-new_state([control(oplayer),cell(1,1,o),cell(1,2,b),cell(1,3,x),cell(2,1,x),cell(2,2,b),cell(2,3,b),cell(3,1,b),cell(3,2,b),cell(3,3,b)])
1608554725296:compute_best_move finished.
1608554725296:best_move(mark(1,2))
1608554725874: ==================================================
1608554725874:last_moves([noop,mark(1,2)])-new_state([control(xplayer),cell(1,1,o),cell(1,2,o),cell(1,3,x),cell(2,1,x),cell(2,2,b),cell(2,3,b),cell(3,1,b),cell(3,2,b),cell(3,3,b)])
1608554725875:compute_best_move finished.
1608554725875:best_move(noop)
1608554726480: ==================================================
1608554726480:last_moves([mark(3,1),noop])-new_state([control(oplayer),cell(1,1,o),cell(1,2,o),cell(1,3,x),cell(2,1,x),cell(2,2,b),cell(2,3,b),cell(3,1,x),cell(3,2,b),cell(3,3,b)])
1608554726481:compute_best_move finished.
1608554726481:best_move(mark(2,2))
1608554727061: ==================================================
1608554727061:last_moves([noop,mark(2,2)])-new_state([control(xplayer),cell(1,1,o),cell(1,2,o),cell(1,3,x),cell(2,1,x),cell(2,2,o),cell(2,3,b),cell(3,1,x),cell(3,2,b),cell(3,3,b)])
1608554727061:compute_best_move finished.
1608554727061:best_move(noop)
1608554727757: ==================================================
1608554727757:last_moves([mark(3,3),noop])-new_state([control(oplayer),cell(1,1,o),cell(1,2,o),cell(1,3,x),cell(2,1,x),cell(2,2,o),cell(2,3,b),cell(3,1,x),cell(3,2,b),cell(3,3,x)])
1608554727757:compute_best_move finished.
1608554727757:best_move(mark(2,3))
1608554728489: ==================================================
1608554728490:last_moves([noop,mark(2,3)])-new_state([control(xplayer),cell(1,1,o),cell(1,2,o),cell(1,3,x),cell(2,1,x),cell(2,2,o),cell(2,3,o),cell(3,1,x),cell(3,2,b),cell(3,3,x)])
1608554728490:compute_best_move finished.
1608554728490:best_move(noop)
1608554729094: ==================================================
1608554729094:last_moves([mark(3,2),noop])-new_state([control(oplayer),cell(1,1,o),cell(1,2,o),cell(1,3,x),cell(2,1,x),cell(2,2,o),cell(2,3,o),cell(3,1,x),cell(3,2,x),cell(3,3,x)])
1608554729094 : final value: [100, 0], our value: 0
