1608985595477 : error: game_start(base.tictactoe.1608985592151, oplayer, [d_role(xplayer), d_role(oplayer), d_index(1), d_index(2), d_index(3), d_base(cell(_588, _597, b)) :- (d_index(_588), d_index(_597)), d_base(cell(_588, _597, x)) :- (d_index(_588), d_index(_597)), d_base(cell(_588, _597, o)) :- (d_index(_588), d_index(_597)), d_base(control(_666)) :- d_role(_666), d_input(_666, mark(_588, _597)) :- (d_index(_588), d_index(_597), d_role(_666)), d_input(_666, noop) :- d_role(_666), d_init(cell(1, 1, b)), d_init(cell(1, 2, b)), d_init(cell(1, 3, b)), d_init(cell(2, 1, b)), d_init(cell(2, 2, b)), d_init(cell(...)), d_init(...), ...], 30, 15, 7316.27775192261) failed!
1608985613234: ==================================================
1608985613234:last_moves([])-new_state([])
1608985613235 : error: game_play(base.tictactoe.1608985592151, [], 7337.5007519722, _2665) failed!
1608985613266 : possible error: we got a different move than we submitted (noop\=[])
1608985613266: ==================================================
1608985613266:last_moves([mark(2,2),noop])-new_state([])
1608985613266 : error: game_play(base.tictactoe.1608985592151, [mark(2, 2), noop], 7337.53075194359, _3767) failed!
1608985613282 : possible error: we got a different move than we submitted (mark(1, 1)\=[])
1608985613282: ==================================================
1608985613282:last_moves([noop,mark(1,1)])-new_state([])
1608985613282 : error: game_play(base.tictactoe.1608985592151, [noop, mark(1, 1)], 7337.54875206947, _5090) failed!
1608985613308 : possible error: we got a different move than we submitted (noop\=[])
1608985613308: ==================================================
1608985613308:last_moves([mark(3,3),noop])-new_state([])
1608985613308 : error: game_play(base.tictactoe.1608985592151, [mark(3, 3), noop], 7337.57475185394, _6413) failed!
1608985613333 : possible error: we got a different move than we submitted (mark(3, 2)\=[])
1608985613333: ==================================================
1608985613333:last_moves([noop,mark(3,2)])-new_state([])
1608985613333 : error: game_play(base.tictactoe.1608985592151, [noop, mark(3, 2)], 7337.59875202179, _7736) failed!
1608985613351 : possible error: we got a different move than we submitted (noop\=[])
1608985613351: ==================================================
1608985613351:last_moves([mark(3,1),noop])-new_state([])
1608985613351 : error: game_play(base.tictactoe.1608985592151, [mark(3, 1), noop], 7337.61675190926, _9059) failed!
1608985613376 : possible error: we got a different move than we submitted (mark(2, 1)\=[])
1608985613376: ==================================================
1608985613376:last_moves([noop,mark(2,1)])-new_state([])
1608985613376 : error: game_play(base.tictactoe.1608985592151, [noop, mark(2, 1)], 7337.64175200462, _10382) failed!
1608985613403 : possible error: we got a different move than we submitted (noop\=[])
1608985613403: ==================================================
1608985613403:last_moves([mark(1,3),noop])-new_state([])
1608985613403 : final value: [50, 50], our value: 50
