1608923097675: ==================================================
1608923097675:last_moves([])-new_state([])
1608923097675 : error: game_play(base.tictactoe.1608923098135, [], 301.361685752869, _4408) failed!
1608923097713 : possible error: we got a different move than we submitted (noop\=[])
1608923097713: ==================================================
1608923097713:last_moves([mark(1,1),noop])-new_state([])
1608923097715 : error: game_play(base.tictactoe.1608923098135, [mark(1, 1), noop], 301.406685829163, _17234) failed!
1608923097755 : possible error: we got a different move than we submitted (mark(1, 3)\=[])
1608923097755: ==================================================
1608923097756:last_moves([noop,mark(1,3)])-new_state([])
1608923097756 : error: game_play(base.tictactoe.1608923098135, [noop, mark(1, 3)], 301.447685718536, _33791) failed!
1608923097786 : possible error: we got a different move than we submitted (noop\=[])
1608923097786: ==================================================
1608923097786:last_moves([mark(3,2),noop])-new_state([])
1608923097786 : error: game_play(base.tictactoe.1608923098135, [mark(3, 2), noop], 301.478685855865, _50348) failed!
1608923097814 : possible error: we got a different move than we submitted (mark(2, 3)\=[])
1608923097814: ==================================================
1608923097814:last_moves([noop,mark(2,3)])-new_state([])
1608923097814 : error: game_play(base.tictactoe.1608923098135, [noop, mark(2, 3)], 301.504685878754, _66905) failed!
1608923097845 : possible error: we got a different move than we submitted (noop\=[])
1608923097845: ==================================================
1608923097845:last_moves([mark(3,3),noop])-new_state([])
1608923097845 : error: game_play(base.tictactoe.1608923098135, [mark(3, 3), noop], 301.536685705185, _83462) failed!
1608923097865 : possible error: we got a different move than we submitted (mark(2, 2)\=[])
1608923097865: ==================================================
1608923097865:last_moves([noop,mark(2,2)])-new_state([])
1608923097865 : error: game_play(base.tictactoe.1608923098135, [noop, mark(2, 2)], 301.556685686111, _100019) failed!
1608923097893 : possible error: we got a different move than we submitted (noop\=[])
1608923097893: ==================================================
1608923097893:last_moves([mark(1,2),noop])-new_state([])
1608923097893 : error: game_play(base.tictactoe.1608923098135, [mark(1, 2), noop], 301.580685853958, _116576) failed!
1608923097929 : possible error: we got a different move than we submitted (mark(2, 1)\=[])
1608923097929: ==================================================
1608923097929:last_moves([noop,mark(2,1)])-new_state([])
1608923097931 : final value: [50, 50], our value: 50
