1608556261584 : our role: oplayer, initial state: [control(xplayer), cell(1, 1, b), cell(1, 2, b), cell(1, 3, b), cell(2, 1, b), cell(2, 2, b), cell(2, 3, b), cell(3, 1, b), cell(3, 2, b), cell(3, 3, b)]
1608556261584:game_start_timed_part finished.
1608556262846: ==================================================
1608556262846:last_moves([])-new_state([control(xplayer),cell(1,1,b),cell(1,2,b),cell(1,3,b),cell(2,1,b),cell(2,2,b),cell(2,3,b),cell(3,1,b),cell(3,2,b),cell(3,3,b)])
1608556262846:compute_best_move finished.
1608556262846:best_move(noop)
1608556263666: ==================================================
1608556263666:last_moves([mark(2,1),noop])-new_state([control(oplayer),cell(1,1,b),cell(1,2,b),cell(1,3,b),cell(2,1,x),cell(2,2,b),cell(2,3,b),cell(3,1,b),cell(3,2,b),cell(3,3,b)])
1608556263667:compute_best_move finished.
1608556263667:best_move(mark(1,1))
1608556264548: ==================================================
1608556264548:last_moves([noop,mark(1,1)])-new_state([control(xplayer),cell(1,1,o),cell(1,2,b),cell(1,3,b),cell(2,1,x),cell(2,2,b),cell(2,3,b),cell(3,1,b),cell(3,2,b),cell(3,3,b)])
1608556264548:compute_best_move finished.
1608556264551:best_move(noop)
1608556265412: ==================================================
1608556265412:last_moves([mark(1,3),noop])-new_state([control(oplayer),cell(1,1,o),cell(1,2,b),cell(1,3,x),cell(2,1,x),cell(2,2,b),cell(2,3,b),cell(3,1,b),cell(3,2,b),cell(3,3,b)])
1608556265412:compute_best_move finished.
1608556265412:best_move(mark(1,2))
1608556266215: ==================================================
1608556266215:last_moves([noop,mark(1,2)])-new_state([control(xplayer),cell(1,1,o),cell(1,2,o),cell(1,3,x),cell(2,1,x),cell(2,2,b),cell(2,3,b),cell(3,1,b),cell(3,2,b),cell(3,3,b)])
1608556266215:compute_best_move finished.
1608556266217:best_move(noop)
1608556266937: ==================================================
1608556266937:last_moves([mark(2,2),noop])-new_state([control(oplayer),cell(1,1,o),cell(1,2,o),cell(1,3,x),cell(2,1,x),cell(2,2,x),cell(2,3,b),cell(3,1,b),cell(3,2,b),cell(3,3,b)])
1608556266937:compute_best_move finished.
1608556266937:best_move(mark(2,3))
1608556267670: ==================================================
1608556267670:last_moves([noop,mark(2,3)])-new_state([control(xplayer),cell(1,1,o),cell(1,2,o),cell(1,3,x),cell(2,1,x),cell(2,2,x),cell(2,3,o),cell(3,1,b),cell(3,2,b),cell(3,3,b)])
1608556267670:compute_best_move finished.
1608556267670:best_move(noop)
1608556268422: ==================================================
1608556268422:last_moves([mark(3,1),noop])-new_state([control(oplayer),cell(1,1,o),cell(1,2,o),cell(1,3,x),cell(2,1,x),cell(2,2,x),cell(2,3,o),cell(3,1,x),cell(3,2,b),cell(3,3,b)])
1608556268422 : final value: [100, 0], our value: 0
