1608739952142: ==================================================
1608739952142:last_moves([])-new_state([])
1608739952143 : error: game_play(base.tictactoe.1608739922596, [], 1674.82189416885, _4557) failed!
1608739952173 : possible error: we got a different move than we submitted (noop\=[])
1608739952175: ==================================================
1608739952175:last_moves([mark(3,2),noop])-new_state([])
1608739952177 : error: game_play(base.tictactoe.1608739922596, [mark(3, 2), noop], 1674.84889435768, _5659) failed!
1608739952218 : possible error: we got a different move than we submitted (mark(1, 1)\=[])
1608739952218: ==================================================
1608739952218:last_moves([noop,mark(1,1)])-new_state([])
1608739952219 : error: game_play(base.tictactoe.1608739922596, [noop, mark(1, 1)], 1674.90489435196, _6982) failed!
1608739952248 : possible error: we got a different move than we submitted (noop\=[])
1608739952248: ==================================================
1608739952248:last_moves([mark(2,3),noop])-new_state([])
1608739952248 : error: game_play(base.tictactoe.1608739922596, [mark(2, 3), noop], 1674.92889428139, _8305) failed!
1608739952294 : possible error: we got a different move than we submitted (mark(1, 3)\=[])
1608739952295: ==================================================
1608739952295:last_moves([noop,mark(1,3)])-new_state([])
1608739952296 : error: game_play(base.tictactoe.1608739922596, [noop, mark(1, 3)], 1674.98089432716, _9628) failed!
1608739952334 : possible error: we got a different move than we submitted (noop\=[])
1608739952334: ==================================================
1608739952334:last_moves([mark(2,1),noop])-new_state([])
1608739952334 : error: game_play(base.tictactoe.1608739922596, [mark(2, 1), noop], 1675.01489424706, _11457) failed!
1608739952384 : possible error: we got a different move than we submitted (mark(1, 2)\=[])
1608739952384: ==================================================
1608739952384:last_moves([noop,mark(1,2)])-new_state([])
1608739952384 : final value: [50, 50], our value: 50
