1609098086774: ==================================================
1609098086774:last_moves([])-new_state([control(oplayer),cell(1,1,o),cell(1,2,x),cell(1,3,x),cell(2,1,o),cell(2,2,x),cell(2,3,o),cell(3,1,x),cell(3,2,b),cell(3,3,b)])
1609098086775:compute_best_move finished.
1609098086775:best_move(mark(3,2))
1609098086801 : possible error: we got a different move than we submitted (noop\=mark(3, 2))
1609098086801: ==================================================
1609098086801:last_moves([mark(2,2),noop])-new_state([control(xplayer),cell(1,1,o),cell(1,2,x),cell(1,3,x),cell(2,1,o),cell(2,2,x),cell(2,3,o),cell(3,1,x),cell(3,2,b),cell(3,3,b)])
1609098086801:compute_best_move finished.
1609098086801:best_move(noop)
1609098086829 : possible error: we got a different move than we submitted (mark(1, 1)\=noop)
1609098086829: ==================================================
1609098086829:last_moves([noop,mark(1,1)])-new_state([control(oplayer),cell(1,1,o),cell(1,2,x),cell(1,3,x),cell(2,1,o),cell(2,2,x),cell(2,3,o),cell(3,1,x),cell(3,2,b),cell(3,3,b)])
1609098086829:compute_best_move finished.
1609098086829:best_move(mark(3,2))
1609098086845 : possible error: we got a different move than we submitted (noop\=mark(3, 2))
1609098086846: ==================================================
1609098086846:last_moves([mark(1,3),noop])-new_state([control(xplayer),cell(1,1,o),cell(1,2,x),cell(1,3,x),cell(2,1,o),cell(2,2,x),cell(2,3,o),cell(3,1,x),cell(3,2,b),cell(3,3,b)])
1609098086846:compute_best_move finished.
1609098086846:best_move(noop)
1609098086873 : possible error: we got a different move than we submitted (mark(3, 1)\=noop)
1609098086873: ==================================================
1609098086873:last_moves([noop,mark(3,1)])-new_state([control(oplayer),cell(1,1,o),cell(1,2,x),cell(1,3,x),cell(2,1,o),cell(2,2,x),cell(2,3,o),cell(3,1,x),cell(3,2,b),cell(3,3,b)])
1609098086873:compute_best_move finished.
1609098086873:best_move(mark(3,2))
1609098086898 : possible error: we got a different move than we submitted (noop\=mark(3, 2))
1609098086898: ==================================================
1609098086898:last_moves([mark(3,2),noop])-new_state([control(xplayer),cell(1,1,o),cell(1,2,x),cell(1,3,x),cell(2,1,o),cell(2,2,x),cell(2,3,o),cell(3,1,x),cell(3,2,x),cell(3,3,b)])
1609098086898:compute_best_move finished.
1609098086898:best_move(noop)
1609098086933 : possible error: we got a different move than we submitted (mark(2, 1)\=noop)
1609098086933: ==================================================
1609098086933:last_moves([noop,mark(2,1)])-new_state([control(oplayer),cell(1,1,o),cell(1,2,x),cell(1,3,x),cell(2,1,o),cell(2,2,x),cell(2,3,o),cell(3,1,x),cell(3,2,x),cell(3,3,b)])
1609098086933 : final value: [100, 0], our value: 0
