1609007351497: ==================================================
1609007351497:last_moves([])-new_state([])
1609007351497 : error: game_play(base.tictactoe.1609007323955, [], 29075.7497520447, _2144) failed!
1609007351524 : possible error: we got a different move than we submitted (noop\=[])
1609007351524: ==================================================
1609007351524:last_moves([mark(3,1),noop])-new_state([])
1609007351525 : error: game_play(base.tictactoe.1609007323955, [mark(3, 1), noop], 29075.7897520065, _3246) failed!
1609007351545 : possible error: we got a different move than we submitted (mark(1, 3)\=[])
1609007351545: ==================================================
1609007351555:last_moves([noop,mark(1,3)])-new_state([])
1609007351555 : error: game_play(base.tictactoe.1609007323955, [noop, mark(1, 3)], 29075.8117518425, _4569) failed!
1609007351575 : possible error: we got a different move than we submitted (noop\=[])
1609007351575: ==================================================
1609007351575:last_moves([mark(2,3),noop])-new_state([])
1609007351575 : error: game_play(base.tictactoe.1609007323955, [mark(2, 3), noop], 29075.8407518864, _5892) failed!
1609007351601 : possible error: we got a different move than we submitted (mark(1, 2)\=[])
1609007351601: ==================================================
1609007351601:last_moves([noop,mark(1,2)])-new_state([])
1609007351601 : error: game_play(base.tictactoe.1609007323955, [noop, mark(1, 2)], 29075.8667519093, _7215) failed!
1609007351618 : possible error: we got a different move than we submitted (noop\=[])
1609007351618: ==================================================
1609007351618:last_moves([mark(1,1),noop])-new_state([])
1609007351618 : error: game_play(base.tictactoe.1609007323955, [mark(1, 1), noop], 29075.8827519417, _8538) failed!
1609007351646 : possible error: we got a different move than we submitted (mark(2, 2)\=[])
1609007351646: ==================================================
1609007351646:last_moves([noop,mark(2,2)])-new_state([])
1609007351646 : error: game_play(base.tictactoe.1609007323955, [noop, mark(2, 2)], 29075.9117519856, _9861) failed!
1609007351688 : possible error: we got a different move than we submitted (noop\=[])
1609007351688: ==================================================
1609007351688:last_moves([mark(2,1),noop])-new_state([])
1609007351688 : final value: [50, 50], our value: 50
