1609263890049: ==================================================
1609263890049:last_moves([])-new_state([])
1609263890050 : error: game_play(base.tictactoe.1609263864904, [], 16331.7155151367, _4254) failed!
1609263890080 : possible error: we got a different move than we submitted (noop\=[])
1609263890080: ==================================================
1609263890080:last_moves([mark(1,3),noop])-new_state([])
1609263890080 : error: game_play(base.tictactoe.1609263864904, [mark(1, 3), noop], 16331.7495150566, _5356) failed!
1609263890105 : possible error: we got a different move than we submitted (mark(2, 2)\=[])
1609263890105: ==================================================
1609263890106:last_moves([noop,mark(2,2)])-new_state([])
1609263890106 : error: game_play(base.tictactoe.1609263864904, [noop, mark(2, 2)], 16331.773514986, _6679) failed!
1609263890127 : possible error: we got a different move than we submitted (noop\=[])
1609263890127: ==================================================
1609263890127:last_moves([mark(2,3),noop])-new_state([])
1609263890127 : error: game_play(base.tictactoe.1609263864904, [mark(2, 3), noop], 16331.7965149879, _8002) failed!
1609263890147 : possible error: we got a different move than we submitted (mark(3, 2)\=[])
1609263890147: ==================================================
1609263890147:last_moves([noop,mark(3,2)])-new_state([])
1609263890147 : error: game_play(base.tictactoe.1609263864904, [noop, mark(3, 2)], 16331.8155150414, _9325) failed!
1609263890159 : possible error: we got a different move than we submitted (noop\=[])
1609263890159: ==================================================
1609263890159:last_moves([mark(2,1),noop])-new_state([])
1609263890159 : error: game_play(base.tictactoe.1609263864904, [mark(2, 1), noop], 16331.8285150528, _10648) failed!
1609263890183 : possible error: we got a different move than we submitted (mark(1, 2)\=[])
1609263890183: ==================================================
1609263890183:last_moves([noop,mark(1,2)])-new_state([])
1609263890183 : final value: [50, 50], our value: 50
